{"numFailedTestSuites":0,"numFailedTests":0,"numPassedTestSuites":6,"numPassedTests":16,"numPendingTestSuites":0,"numPendingTests":0,"numRuntimeErrorTestSuites":0,"numTodoTests":0,"numTotalTestSuites":6,"numTotalTests":16,"openHandles":[],"snapshot":{"added":0,"didUpdate":false,"failure":false,"filesAdded":0,"filesRemoved":0,"filesRemovedList":[],"filesUnmatched":0,"filesUpdated":0,"matched":0,"total":0,"unchecked":0,"uncheckedKeysByFile":[],"unmatched":0,"updated":0},"startTime":1788820123497,"success":true,"testResults":[{"assertionResults":[{"ancestorTitles":[],"failureMessages":[],"fullName":"Portuguese is the default and an explicit English choice persists","location":null,"status":"passed","title":"Portuguese is the default and an explicit English choice persists"},{"ancestorTitles":[],"failureMessages":[],"fullName":"invalid stored language falls back to Portuguese","location":null,"status":"passed","title":"invalid stored language falls back to Portuguese"},{"ancestorTitles":[],"failureMessages":[],"fullName":"Portuguese and English have matching translation keys","location":null,"status":"passed","title":"Portuguese and English have matching translation keys"}],"endTime":1788820125476,"message":"","name":"E:\\Projecten\\Cabofeira\\cabofeira\\src\\i18n\\I18nContext.test.jsx","startTime":1788820124492,"status":"passed","summary":""},{"assertionResults":[{"ancestorTitles":[],"failureMessages":[],"fullName":"initial session and auth event share the same pending profile before showing protected content","location":null,"status":"passed","title":"initial session and auth event share the same pending profile before showing protected content"}],"endTime":1788820125724,"message":"","name":"E:\\Projecten\\Cabofeira\\cabofeira\\src\\context\\AuthContext.test.jsx","startTime":1788820125496,"status":"passed","summary":""},{"assertionResults":[{"ancestorTitles":[],"failureMessages":[],"fullName":"counts active ads separately and sums views beyond the first page","location":null,"status":"passed","title":"counts active ads separately and sums views beyond the first page"},{"ancestorTitles":[],"failureMessages":[],"fullName":"does not present a partial aggregate as a complete result after a failed page","location":null,"status":"passed","title":"does not present a partial aggregate as a complete result after a failed page"}],"endTime":1788820126096,"message":"","name":"E:\\Projecten\\Cabofeira\\cabofeira\\src\\hooks\\useSellerStats.test.jsx","startTime":1788820125738,"status":"passed","summary":""},{"assertionResults":[{"ancestorTitles":[],"failureMessages":[],"fullName":"a rejected password reset request announces an error and permits retry","location":null,"status":"passed","title":"a rejected password reset request announces an error and permits retry"}],"endTime":1788820126502,"message":"","name":"E:\\Projecten\\Cabofeira\\cabofeira\\src\\pages\\ForgotPassword.test.jsx","startTime":1788820126108,"status":"passed","summary":""},{"assertionResults":[{"ancestorTitles":[],"failureMessages":[],"fullName":"zero price and relative dates follow the selected language","location":null,"status":"passed","title":"zero price and relative dates follow the selected language"},{"ancestorTitles":[],"failureMessages":[],"fullName":"invalid dates and prices never render NaN or Infinity","location":null,"status":"passed","title":"invalid dates and prices never render NaN or Infinity"}],"endTime":1788820126654,"message":"","name":"E:\\Projecten\\Cabofeira\\cabofeira\\src\\utils\\format.test.js","startTime":1788820126513,"status":"passed","summary":""},{"assertionResults":[{"ancestorTitles":[],"failureMessages":[],"fullName":"rejects external or ambiguous redirect \"https://evil.example\"","location":null,"status":"passed","title":"rejects external or ambiguous redirect \"https://evil.example\""},{"ancestorTitles":[],"failureMessages":[],"fullName":"rejects external or ambiguous redirect \"//evil.example\"","location":null,"status":"passed","title":"rejects external or ambiguous redirect \"//evil.example\""},{"ancestorTitles":[],"failureMessages":[],"fullName":"rejects external or ambiguous redirect \"/\\\\evil.example\"","location":null,"status":"passed","title":"rejects external or ambiguous redirect \"/\\\\evil.example\""},{"ancestorTitles":[],"failureMessages":[],"fullName":"rejects external or ambiguous redirect \"/\nevil\"","location":null,"status":"passed","title":"rejects external or ambiguous redirect \"/\nevil\""},{"ancestorTitles":[],"failureMessages":[],"fullName":"rejects external or ambiguous redirect null","location":null,"status":"passed","title":"rejects external or ambiguous redirect null"},{"ancestorTitles":[],"failureMessages":[],"fullName":"preserves internal route, query and anchor","location":null,"status":"passed","title":"preserves internal route, query and anchor"},{"ancestorTitles":[],"failureMessages":[],"fullName":"normalizes local and international WhatsApp numbers","location":null,"status":"passed","title":"normalizes local and international WhatsApp numbers"}],"endTime":1788820126819,"message":"","name":"E:\\Projecten\\Cabofeira\\cabofeira\\src\\utils\\links.test.js","startTime":1788820126668,"status":"passed","summary":""}],"wasInterrupted":false}